<?xml version="1.0" encoding="UTF-8"?>
<!-- Generated by org.testng.reporters.JUnitReportReporter -->
<testsuite hostname="DESKTOP-NGQSQUV" failures="0" tests="4" name="com.playwright.tests.LoginTest" time="1.703" errors="0" timestamp="2022-07-22T19:13:11 IST" skipped="0">
  <testcase classname="com.playwright.tests.LoginTest" name="verifyPageTitle" time="0.067"/>
  <system-out/>
  <testcase classname="com.playwright.tests.LoginTest" name="loginIntoTheApplication" time="0.578"/>
  <system-out/>
  <testcase classname="com.playwright.tests.LoginTest" name="verifyProductsName" time="0.064"/>
  <system-out/>
  <testcase classname="com.playwright.tests.LoginTest" name="logoutFromApplication" time="0.994"/>
  <system-out/>
</testsuite> <!-- com.playwright.tests.LoginTest -->
